Solid Edge Translation to STL
Date: Friday,November 29,2024 09:19AM
Source File:B:\Dan\SolidEdge\Sonex Stuff\Aveo PowerBurst NG Daylite Mount-Right.par
Source System: SOLID EDGE

Hardware:
Processor: Intel(R) Xeon(R) CPU E5-2650 v3 @ 2.30GHz
Operating System: Windows 10 Professional
Installed Memory: 63.92 GB

Software Information:
Parasolid Version: 35.0.149
PSBodyshop Version: 35.0.82
Solid Edge Version: 223.00.00.101 x64

STL Export Options:
Output File Format:ASCII
Export Displayed Parts:Off
structureOption: Monolithic
Export Units:Millimeter
Export Tolerance Value:0.001000
Export Tolerance Type:Fine
Export Surface Plane Angle Value:0.523599

Translation progress:
Phase 1 of 2 Fetching Parasolid information...
Phase 2 of 2 Translating Parasolid to foreign data types...
Number of STL file Created : 1
Translation process completed
Time required to translate:00 : 00 : 01
