Solid Edge Translation to STL
Date: Friday,May 23,2025 02:23PM
Source File:B:\Dan\SolidEdge\Sonex Stuff\Fairlead Centering Tool.par
Source System: SOLID EDGE

Hardware:
Processor: Intel(R) Xeon(R) CPU E5-2650 v3 @ 2.30GHz
Operating System: Windows 10 Professional
Installed Memory: 63.92 GB

Software Information:
Parasolid Version: 36.0.142
PSBodyshop Version: 36.0.108
STL Adapter Version: 13.0.193
Solid Edge Version: 224.00.00.101 x64

STL Export Options:
Output File Format:BINARY
Export Displayed Parts:Off
structureOption: Monolithic
Export Units:Millimeter
Export Tolerance Value:0.001000
Export Tolerance Type:Fine
Export Surface Plane Angle Value:0.523599

Translation progress:
Translation process completed
Time required to translate:00 : 00 : 00
